<?xml version="1.0" encoding="UTF-8"?>
<!-- Generated by org.testng.reporters.JUnitXMLReporter -->
<testsuite hostname="EN510723" ignored="0" name="Default test" tests="5" failures="0" timestamp="2020-02-18T16:29:01 CET" time="125.735" errors="0">
  <testcase name="testLoginCodeWarningMessage" time="21.327" classname="samsara.TestRegistratingNewAccount"/>
  <testcase name="testLoginCodeWarningMessage" time="21.819" classname="samsara.TestRegistratingNewAccount"/>
  <testcase name="testLoginCodeWarningMessage" time="21.159" classname="samsara.TestRegistratingNewAccount"/>
  <testcase name="testLoginPositiveCases" time="21.673" classname="samsara.TestRegistratingNewAccount"/>
  <testcase name="testLoginPositiveCases" time="21.653" classname="samsara.TestRegistratingNewAccount"/>
</testsuite> <!-- Default test -->
