<?xml version="1.0" encoding="UTF-8"?>
<testng-results skipped="0" failed="0" ignored="1" total="4" passed="3">
  <reporter-output>
  </reporter-output>
  <suite name="Default suite" duration-ms="78328" started-at="2020-05-04T16:07:16 CEST" finished-at="2020-05-04T16:08:34 CEST">
    <groups>
    </groups>
    <test name="Default test" duration-ms="78328" started-at="2020-05-04T16:07:16 CEST" finished-at="2020-05-04T16:08:34 CEST">
      <class name="samsara.VerifyAdminCanCreateEditDeleteUser">
        <test-method status="PASS" signature="initialize()[pri:0, instance:samsara.VerifyAdminCanCreateEditDeleteUser@31f9b85e]" name="initialize" is-config="true" duration-ms="13719" started-at="2020-05-04T16:07:16 CEST" finished-at="2020-05-04T16:07:30 CEST">
          <reporter-output>
          </reporter-output>
        </test-method> <!-- initialize -->
        <test-method status="PASS" signature="verifyAdminCanCreateUser(java.lang.String, java.lang.String, java.lang.String, java.lang.String, java.lang.String, java.lang.String, java.lang.String)[pri:0, instance:samsara.VerifyAdminCanCreateEditDeleteUser@31f9b85e]" name="verifyAdminCanCreateUser" duration-ms="19431" started-at="2020-05-04T16:07:30 CEST" data-provider="verifyAdminCanCreateUserData" finished-at="2020-05-04T16:07:49 CEST">
          <params>
            <param index="0">
              <value>
                <![CDATA[sanja123user]]>
              </value>
            </param>
            <param index="1">
              <value>
                <![CDATA[Sanja]]>
              </value>
            </param>
            <param index="2">
              <value>
                <![CDATA[Miladinovic]]>
              </value>
            </param>
            <param index="3">
              <value>
                <![CDATA[About]]>
              </value>
            </param>
            <param index="4">
              <value>
                <![CDATA[Secret question]]>
              </value>
            </param>
            <param index="5">
              <value>
                <![CDATA[Secret answer]]>
              </value>
            </param>
            <param index="6">
              <value>
                <![CDATA[Password1]]>
              </value>
            </param>
          </params>
          <reporter-output>
          </reporter-output>
        </test-method> <!-- verifyAdminCanCreateUser -->
        <test-method status="PASS" signature="verifyAdminCanEditUser(java.lang.String, java.lang.String, java.lang.String, java.lang.String, java.lang.String)[pri:1, instance:samsara.VerifyAdminCanCreateEditDeleteUser@31f9b85e]" name="verifyAdminCanEditUser" duration-ms="23054" started-at="2020-05-04T16:07:49 CEST" data-provider="verifyAdminCanEditUserData" finished-at="2020-05-04T16:08:12 CEST">
          <params>
            <param index="0">
              <value>
                <![CDATA[sanja123user]]>
              </value>
            </param>
            <param index="1">
              <value>
                <![CDATA[sanja123]]>
              </value>
            </param>
            <param index="2">
              <value>
                <![CDATA[Sanja1]]>
              </value>
            </param>
            <param index="3">
              <value>
                <![CDATA[Miladinovic1]]>
              </value>
            </param>
            <param index="4">
              <value>
                <![CDATA[About1]]>
              </value>
            </param>
          </params>
          <reporter-output>
          </reporter-output>
        </test-method> <!-- verifyAdminCanEditUser -->
        <test-method status="PASS" signature="verifyAdminCanDeleteUser(java.lang.String)[pri:2, instance:samsara.VerifyAdminCanCreateEditDeleteUser@31f9b85e]" name="verifyAdminCanDeleteUser" duration-ms="21767" started-at="2020-05-04T16:08:12 CEST" data-provider="verifyAdminCanDeleteUserData" finished-at="2020-05-04T16:08:34 CEST">
          <params>
            <param index="0">
              <value>
                <![CDATA[sanja123]]>
              </value>
            </param>
          </params>
          <reporter-output>
          </reporter-output>
        </test-method> <!-- verifyAdminCanDeleteUser -->
        <test-method status="PASS" signature="close()[pri:0, instance:samsara.VerifyAdminCanCreateEditDeleteUser@31f9b85e]" name="close" is-config="true" duration-ms="244" started-at="2020-05-04T16:08:34 CEST" finished-at="2020-05-04T16:08:34 CEST">
          <reporter-output>
          </reporter-output>
        </test-method> <!-- close -->
      </class> <!-- samsara.VerifyAdminCanCreateEditDeleteUser -->
    </test> <!-- Default test -->
  </suite> <!-- Default suite -->
</testng-results>
